<?xml version="1.0" encoding="UTF-8"?>
<!-- Generated by org.testng.reporters.JUnitReportReporter -->
<testsuite skipped="0" hostname="DESKTOP-OCUP4UH" name="testCases.Ecommerce" tests="1" failures="0" timestamp="2022-03-05T17:41:43 BDT" time="45.009" errors="0">
  <testcase name="mySecondTest" time="45.009" classname="testCases.Ecommerce"/>
  <system-out/>
</testsuite> <!-- testCases.Ecommerce -->
