<?xml version="1.0" encoding="UTF-8"?>
<!-- Generated by org.testng.reporters.JUnitReportReporter -->
<testsuite hostname="DESKTOP-OCUP4UH" failures="0" tests="1" name="testCases.Ecommerce" time="21.759" errors="0" timestamp="2022-03-02T15:29:59 BDT" skipped="0">
  <testcase classname="testCases.Ecommerce" name="mySecondTest" time="21.759"/>
  <system-out/>
</testsuite> <!-- testCases.Ecommerce -->
