<?xml version="1.0" encoding="UTF-8"?>
<!-- Generated by org.testng.reporters.JUnitReportReporter -->
<testsuite hostname="DESKTOP-OCUP4UH" failures="0" tests="1" name="testCases.Ecommerce" time="11.826" errors="0" timestamp="2022-02-28T18:07:25 BDT" skipped="0">
  <testcase classname="testCases.Ecommerce" name="mySecondTest" time="11.826"/>
  <system-out/>
</testsuite> <!-- testCases.Ecommerce -->
