<?xml version="1.0" encoding="UTF-8"?>
<!-- Generated by org.testng.reporters.JUnitReportReporter -->
<testsuite skipped="0" hostname="DESKTOP-OCUP4UH" name="testCases.Ecommerce" tests="1" failures="0" timestamp="2022-03-03T10:53:23 BDT" time="14.994" errors="0">
  <testcase name="mySecondTest" time="14.994" classname="testCases.Ecommerce"/>
  <system-out/>
</testsuite> <!-- testCases.Ecommerce -->
